<?xml version="1.0" encoding="UTF-8"?>
<testsuite name="org.apache.rat.gradle.RatPluginProjectSpec" tests="4" skipped="0" failures="0" errors="0" timestamp="2015-06-29T19:03:48" hostname="PCJWI02" time="1.421">
  <properties/>
  <testcase name="apply does not throw exceptions" classname="org.apache.rat.gradle.RatPluginProjectSpec" time="1.109"/>
  <testcase name="apply is idempotent" classname="org.apache.rat.gradle.RatPluginProjectSpec" time="0.093"/>
  <testcase name="apply is fine on all levels of multiproject" classname="org.apache.rat.gradle.RatPluginProjectSpec" time="0.091"/>
  <testcase name="apply to multiple subprojects" classname="org.apache.rat.gradle.RatPluginProjectSpec" time="0.126"/>
  <system-out><![CDATA[]]></system-out>
  <system-err><![CDATA[]]></system-err>
</testsuite>
